Traceback (most recent call last):
  File "C:\ProgramData\Anaconda3\lib\site-packages\jupyter_cache\executors\utils.py", line 56, in single_nb_execution
    record_timing=False,
  File "C:\ProgramData\Anaconda3\lib\site-packages\nbclient\client.py", line 1112, in execute
    return NotebookClient(nb=nb, resources=resources, km=km, **kwargs).execute()
  File "C:\ProgramData\Anaconda3\lib\site-packages\nbclient\util.py", line 74, in wrapped
    return just_run(coro(*args, **kwargs))
  File "C:\ProgramData\Anaconda3\lib\site-packages\nbclient\util.py", line 53, in just_run
    return loop.run_until_complete(coro)
  File "C:\ProgramData\Anaconda3\lib\asyncio\base_events.py", line 568, in run_until_complete
    return future.result()
  File "C:\ProgramData\Anaconda3\lib\site-packages\nbclient\client.py", line 554, in async_execute
    cell, index, execution_count=self.code_cells_executed + 1
  File "C:\ProgramData\Anaconda3\lib\site-packages\nbclient\client.py", line 857, in async_execute_cell
    self._check_raise_for_error(cell, exec_reply)
  File "C:\ProgramData\Anaconda3\lib\site-packages\nbclient\client.py", line 760, in _check_raise_for_error
    raise CellExecutionError.from_cell_and_msg(cell, exec_reply_content)
nbclient.exceptions.CellExecutionError: An error occurred while executing the following cell:
------------------
gspec = pn.GridSpec(width=800, height=800, margin=5)
gspec[0:1, 0] = bars('A24v', 'p24v')
gspec[1:2, 0] = bars('A12v', 'p12v')
gspec[2:3, 0] = bars('A8v', 'p8v')
gspec
------------------

[1;31m---------------------------------------------------------------------------[0m
[1;31mNameError[0m                                 Traceback (most recent call last)
[1;32m<ipython-input-4-8abd88b2882f>[0m in [0;36m<module>[1;34m[0m
[0;32m      1[0m [0mgspec[0m [1;33m=[0m [0mpn[0m[1;33m.[0m[0mGridSpec[0m[1;33m([0m[0mwidth[0m[1;33m=[0m[1;36m800[0m[1;33m,[0m [0mheight[0m[1;33m=[0m[1;36m800[0m[1;33m,[0m [0mmargin[0m[1;33m=[0m[1;36m5[0m[1;33m)[0m[1;33m[0m[0m
[1;32m----> 2[1;33m [0mgspec[0m[1;33m[[0m[1;36m0[0m[1;33m:[0m[1;36m1[0m[1;33m,[0m [1;36m0[0m[1;33m][0m [1;33m=[0m [0mbars[0m[1;33m([0m[1;34m'A24v'[0m[1;33m,[0m [1;34m'p24v'[0m[1;33m)[0m[1;33m[0m[0m
[0m[0;32m      3[0m [0mgspec[0m[1;33m[[0m[1;36m1[0m[1;33m:[0m[1;36m2[0m[1;33m,[0m [1;36m0[0m[1;33m][0m [1;33m=[0m [0mbars[0m[1;33m([0m[1;34m'A12v'[0m[1;33m,[0m [1;34m'p12v'[0m[1;33m)[0m[1;33m[0m[0m
[0;32m      4[0m [0mgspec[0m[1;33m[[0m[1;36m2[0m[1;33m:[0m[1;36m3[0m[1;33m,[0m [1;36m0[0m[1;33m][0m [1;33m=[0m [0mbars[0m[1;33m([0m[1;34m'A8v'[0m[1;33m,[0m [1;34m'p8v'[0m[1;33m)[0m[1;33m[0m[0m
[0;32m      5[0m [0mgspec[0m[1;33m[0m[0m

[1;31mNameError[0m: name 'bars' is not defined
NameError: name 'bars' is not defined

